Determining if the pthread_create exist failed with the following output:
Change Dir: /home/n/catkin_ws_1/build/CMakeFiles/CMakeTmp

Run Build Command:/usr/bin/make "cmTryCompileExec1751495200/fast"
/usr/bin/make -f CMakeFiles/cmTryCompileExec1751495200.dir/build.make CMakeFiles/cmTryCompileExec1751495200.dir/build
make[1]: Entering directory `/home/n/catkin_ws_1/build/CMakeFiles/CMakeTmp'
/usr/bin/cmake -E cmake_progress_report /home/n/catkin_ws_1/build/CMakeFiles/CMakeTmp/CMakeFiles 1
Building C object CMakeFiles/cmTryCompileExec1751495200.dir/CheckSymbolExists.c.o
/usr/bin/cc    -o CMakeFiles/cmTryCompileExec1751495200.dir/CheckSymbolExists.c.o   -c /home/n/catkin_ws_1/build/CMakeFiles/CMakeTmp/CheckSymbolExists.c
Linking C executable cmTryCompileExec1751495200
/usr/bin/cmake -E cmake_link_script CMakeFiles/cmTryCompileExec1751495200.dir/link.txt --verbose=1
/usr/bin/cc       CMakeFiles/cmTryCompileExec1751495200.dir/CheckSymbolExists.c.o  -o cmTryCompileExec1751495200 -rdynamic 
CMakeFiles/cmTryCompileExec1751495200.dir/CheckSymbolExists.c.o: In function `main':
CheckSymbolExists.c:(.text+0x16): undefined reference to `pthread_create'
collect2: error: ld returned 1 exit status
make[1]: Leaving directory `/home/n/catkin_ws_1/build/CMakeFiles/CMakeTmp'
make[1]: *** [cmTryCompileExec1751495200] Error 1
make: *** [cmTryCompileExec1751495200/fast] Error 2

File /home/n/catkin_ws_1/build/CMakeFiles/CMakeTmp/CheckSymbolExists.c:
/* */
#include <pthread.h>

int main(int argc, char** argv)
{
  (void)argv;
#ifndef pthread_create
  return ((int*)(&pthread_create))[argc];
#else
  (void)argc;
  return 0;
#endif
}

Determining if the function pthread_create exists in the pthreads failed with the following output:
Change Dir: /home/n/catkin_ws_1/build/CMakeFiles/CMakeTmp

Run Build Command:/usr/bin/make "cmTryCompileExec1073502041/fast"
/usr/bin/make -f CMakeFiles/cmTryCompileExec1073502041.dir/build.make CMakeFiles/cmTryCompileExec1073502041.dir/build
make[1]: Entering directory `/home/n/catkin_ws_1/build/CMakeFiles/CMakeTmp'
/usr/bin/cmake -E cmake_progress_report /home/n/catkin_ws_1/build/CMakeFiles/CMakeTmp/CMakeFiles 1
Building C object CMakeFiles/cmTryCompileExec1073502041.dir/CheckFunctionExists.c.o
/usr/bin/cc   -DCHECK_FUNCTION_EXISTS=pthread_create   -o CMakeFiles/cmTryCompileExec1073502041.dir/CheckFunctionExists.c.o   -c /usr/share/cmake-2.8/Modules/CheckFunctionExists.c
Linking C executable cmTryCompileExec1073502041
/usr/bin/cmake -E cmake_link_script CMakeFiles/cmTryCompileExec1073502041.dir/link.txt --verbose=1
/usr/bin/cc   -DCHECK_FUNCTION_EXISTS=pthread_create    CMakeFiles/cmTryCompileExec1073502041.dir/CheckFunctionExists.c.o  -o cmTryCompileExec1073502041 -rdynamic -lpthreads 
/usr/bin/ld: cannot find -lpthreads
collect2: error: ld returned 1 exit status
make[1]: Leaving directory `/home/n/catkin_ws_1/build/CMakeFiles/CMakeTmp'
make[1]: *** [cmTryCompileExec1073502041] Error 1
make: *** [cmTryCompileExec1073502041/fast] Error 2


